<?xml version="1.0" encoding="UTF-8"?>
<testsuite name="lk.zalary.bff_service.forwardingServiceNamesApplicationTests" tests="1" skipped="0" failures="0" errors="0" timestamp="2026-03-14T16:00:46.608Z" hostname="dev-sasinduu" time="2.052">
  <properties/>
  <testcase name="contextLoads()" classname="lk.zalary.bff_service.forwardingServiceNamesApplicationTests" time="0.395"/>
  <system-out><![CDATA[21:30:46.714 [Test worker] INFO org.springframework.test.context.support.AnnotationConfigContextLoaderUtils -- Could not detect default configuration classes for test class [lk.zalary.bff_service.forwardingServiceNamesApplicationTests]: forwardingServiceNamesApplicationTests does not declare any static, non-private, non-final, nested classes annotated with @Configuration.
21:30:46.783 [Test worker] INFO org.springframework.boot.test.context.SpringBootTestContextBootstrapper -- Found @SpringBootConfiguration lk.zalary.bff_service.BffServiceApplication for test class lk.zalary.bff_service.forwardingServiceNamesApplicationTests

  .   ____          _            __ _ _
 /\\ / ___'_ __ _ _(_)_ __  __ _ \ \ \ \
( ( )\___ | '_ | '_| | '_ \/ _` | \ \ \ \
 \\/  ___)| |_)| | | | | || (_| |  ) ) ) )
  '  |____| .__|_| |_|_| |_\__, | / / / /
 =========|_|==============|___/=/_/_/_/

 :: Spring Boot ::                (v4.0.3)

2026-03-14T21:30:47.055+05:30  INFO 256033 --- [bff_service] [    Test worker] b.forwardingServiceNamesApplicationTests : Starting forwardingServiceNamesApplicationTests using Java 25.0.2 with PID 256033 (started by intervest in /home/intervest/Desktop/IIT/cloud/cw1/cc-cw-group-03/bff_service)
2026-03-14T21:30:47.057+05:30  INFO 256033 --- [bff_service] [    Test worker] b.forwardingServiceNamesApplicationTests : No active profile set, falling back to 1 default profile: "default"
2026-03-14T21:30:48.162+05:30  INFO 256033 --- [bff_service] [    Test worker] o.s.b.a.e.web.EndpointLinksResolver      : Exposing 1 endpoint beneath base path '/actuator'
2026-03-14T21:30:48.203+05:30  INFO 256033 --- [bff_service] [    Test worker] b.forwardingServiceNamesApplicationTests : Started forwardingServiceNamesApplicationTests in 1.337 seconds (process running for 2.149)
]]></system-out>
  <system-err><![CDATA[Mockito is currently self-attaching to enable the inline-mock-maker. This will no longer work in future releases of the JDK. Please add Mockito as an agent to your build as described in Mockito's documentation: https://javadoc.io/doc/org.mockito/mockito-core/latest/org.mockito/org/mockito/Mockito.html#0.3
WARNING: A Java agent has been loaded dynamically (/home/intervest/.gradle/caches/modules-2/files-2.1/net.bytebuddy/byte-buddy-agent/1.17.8/f09415827a71be7ed621c7bd02550678f28bc81c/byte-buddy-agent-1.17.8.jar)
WARNING: If a serviceability tool is in use, please run with -XX:+EnableDynamicAgentLoading to hide this warning
WARNING: If a serviceability tool is not in use, please run with -Djdk.instrument.traceUsage for more information
WARNING: Dynamic loading of agents will be disallowed by default in a future release
]]></system-err>
</testsuite>
