<?xml version="1.0" encoding="UTF-8"?>
<testsuite name="lk.zalary.search_service.SearchServiceApplicationTests" tests="1" skipped="0" failures="0" errors="0" timestamp="2026-03-07T16:49:24.430Z" hostname="dev-sasinduu" time="4.092">
  <properties/>
  <testcase name="contextLoads()" classname="lk.zalary.search_service.SearchServiceApplicationTests" time="0.387"/>
  <system-out><![CDATA[22:19:24.542 [Test worker] INFO org.springframework.test.context.support.AnnotationConfigContextLoaderUtils -- Could not detect default configuration classes for test class [lk.zalary.search_service.SearchServiceApplicationTests]: SearchServiceApplicationTests does not declare any static, non-private, non-final, nested classes annotated with @Configuration.
22:19:24.649 [Test worker] INFO org.springframework.boot.test.context.SpringBootTestContextBootstrapper -- Found @SpringBootConfiguration lk.zalary.search_service.SearchServiceApplication for test class lk.zalary.search_service.SearchServiceApplicationTests

  .   ____          _            __ _ _
 /\\ / ___'_ __ _ _(_)_ __  __ _ \ \ \ \
( ( )\___ | '_ | '_| | '_ \/ _` | \ \ \ \
 \\/  ___)| |_)| | | | | || (_| |  ) ) ) )
  '  |____| .__|_| |_|_| |_\__, | / / / /
 =========|_|==============|___/=/_/_/_/

 :: Spring Boot ::                (v4.0.3)

2026-03-07T22:19:24.953+05:30  INFO 178289 --- [search_service] [    Test worker] l.z.s.SearchServiceApplicationTests      : Starting SearchServiceApplicationTests using Java 21.0.10 with PID 178289 (started by intervest in /home/intervest/Desktop/IIT/cloud/cw1/cc-cw-group-03/search_service)
2026-03-07T22:19:24.954+05:30 DEBUG 178289 --- [search_service] [    Test worker] l.z.s.SearchServiceApplicationTests      : Running with Spring Boot v4.0.3, Spring v7.0.5
2026-03-07T22:19:24.955+05:30  INFO 178289 --- [search_service] [    Test worker] l.z.s.SearchServiceApplicationTests      : No active profile set, falling back to 1 default profile: "default"
2026-03-07T22:19:25.339+05:30  INFO 178289 --- [search_service] [    Test worker] .s.d.r.c.RepositoryConfigurationDelegate : Bootstrapping Spring Data JPA repositories in DEFAULT mode.
2026-03-07T22:19:25.372+05:30  INFO 178289 --- [search_service] [    Test worker] .s.d.r.c.RepositoryConfigurationDelegate : Finished Spring Data repository scanning in 28 ms. Found 1 JPA repository interface.
2026-03-07T22:19:25.543+05:30  INFO 178289 --- [search_service] [    Test worker] com.zaxxer.hikari.HikariDataSource       : HikariPool-1 - Starting...
2026-03-07T22:19:25.843+05:30  INFO 178289 --- [search_service] [    Test worker] com.zaxxer.hikari.pool.HikariPool        : HikariPool-1 - Added connection org.postgresql.jdbc.PgConnection@37fef327
2026-03-07T22:19:25.844+05:30  INFO 178289 --- [search_service] [    Test worker] com.zaxxer.hikari.HikariDataSource       : HikariPool-1 - Start completed.
2026-03-07T22:19:25.917+05:30  INFO 178289 --- [search_service] [    Test worker] org.hibernate.orm.jpa                    : HHH008540: Processing PersistenceUnitInfo [name: default]
2026-03-07T22:19:25.958+05:30  INFO 178289 --- [search_service] [    Test worker] org.hibernate.orm.core                   : HHH000001: Hibernate ORM core version 7.2.4.Final
2026-03-07T22:19:26.280+05:30  INFO 178289 --- [search_service] [    Test worker] o.s.o.j.p.SpringPersistenceUnitInfo      : No LoadTimeWeaver setup: ignoring JPA class transformer
2026-03-07T22:19:26.330+05:30  WARN 178289 --- [search_service] [    Test worker] org.hibernate.orm.deprecation            : HHH90000025: PostgreSQLDialect does not need to be specified explicitly using 'hibernate.dialect' (remove the property setting and it will be selected by default)
2026-03-07T22:19:26.347+05:30  INFO 178289 --- [search_service] [    Test worker] org.hibernate.orm.connections.pooling    : HHH10001005: Database info:
	Database JDBC URL [jdbc:postgresql://localhost:5433/postgres?currentSchema=zalary]
	Database driver: PostgreSQL JDBC Driver
	Database dialect: PostgreSQLDialect
	Database version: 14.22
	Default catalog/schema: postgres/zalary
	Autocommit mode: undefined/unknown
	Isolation level: READ_COMMITTED [default READ_COMMITTED]
	JDBC fetch size: none
	Pool: DataSourceConnectionProvider
	Minimum pool size: undefined/unknown
	Maximum pool size: undefined/unknown
2026-03-07T22:19:26.948+05:30  INFO 178289 --- [search_service] [    Test worker] org.hibernate.orm.core                   : HHH000489: No JTA platform available (set 'hibernate.transaction.jta.platform' to enable JTA platform integration)
2026-03-07T22:19:26.985+05:30  INFO 178289 --- [search_service] [    Test worker] j.LocalContainerEntityManagerFactoryBean : Initialized JPA EntityManagerFactory for persistence unit 'default'
2026-03-07T22:19:27.049+05:30  INFO 178289 --- [search_service] [    Test worker] o.s.d.j.r.query.QueryEnhancerFactories   : Hibernate is in classpath; If applicable, HQL parser will be used.
2026-03-07T22:19:27.801+05:30  WARN 178289 --- [search_service] [    Test worker] JpaBaseConfiguration$JpaWebConfiguration : spring.jpa.open-in-view is enabled by default. Therefore, database queries may be performed during view rendering. Explicitly configure spring.jpa.open-in-view to disable this warning
2026-03-07T22:19:28.123+05:30  INFO 178289 --- [search_service] [    Test worker] l.z.s.SearchServiceApplicationTests      : Started SearchServiceApplicationTests in 3.365 seconds (process running for 4.219)
]]></system-out>
  <system-err><![CDATA[Mockito is currently self-attaching to enable the inline-mock-maker. This will no longer work in future releases of the JDK. Please add Mockito as an agent to your build as described in Mockito's documentation: https://javadoc.io/doc/org.mockito/mockito-core/latest/org.mockito/org/mockito/Mockito.html#0.3
WARNING: A Java agent has been loaded dynamically (/home/intervest/.gradle/caches/modules-2/files-2.1/net.bytebuddy/byte-buddy-agent/1.17.8/f09415827a71be7ed621c7bd02550678f28bc81c/byte-buddy-agent-1.17.8.jar)
WARNING: If a serviceability tool is in use, please run with -XX:+EnableDynamicAgentLoading to hide this warning
WARNING: If a serviceability tool is not in use, please run with -Djdk.instrument.traceUsage for more information
WARNING: Dynamic loading of agents will be disallowed by default in a future release
]]></system-err>
</testsuite>
